Base path: 'C:/Program Files/Unity/Hub/Editor/2019.3.0f1/Editor/Data', plugins path 'C:/Program Files/Unity/Hub/Editor/2019.3.0f1/Editor/Data/PlaybackEngines'
Cmd: initializeCompiler
Cmd: compileSnippet
  api=4 type=1 insize=1302 outsize=218 kw=UNITY_PASS_SHADOWCASTER SHADOWS_DEPTH pd=UNITY_ENABLE_REFLECTION_BUFFERS UNITY_USE_DITHER_MASK_FOR_ALPHABLENDED_SHADOWS UNITY_PBS_USE_BRDF1 UNITY_SPECCUBE_BOX_PROJECTION UNITY_SPECCUBE_BLENDING UNITY_ENABLE_DETAIL_NORMALMAP SHADER_API_DESKTOP UNITY_COLORSPACE_GAMMA UNITY_LIGHT_PROBE_PROXY_VOLUME UNITY_LIGHTMAP_FULL_HDR ok=1
Cmd: compileSnippet
  api=4 type=1 insize=1602 outsize=7190 kw=UNITY_PASS_FORWARDBASE DIRECTIONAL SHADOWS_SCREEN LIGHTPROBE_SH pd=UNITY_ENABLE_REFLECTION_BUFFERS UNITY_USE_DITHER_MASK_FOR_ALPHABLENDED_SHADOWS UNITY_PBS_USE_BRDF1 UNITY_SPECCUBE_BOX_PROJECTION UNITY_SPECCUBE_BLENDING UNITY_ENABLE_DETAIL_NORMALMAP SHADER_API_DESKTOP UNITY_COLORSPACE_GAMMA UNITY_LIGHT_PROBE_PROXY_VOLUME UNITY_LIGHTMAP_FULL_HDR ok=1
Cmd: compileComputeKernel
  error: 2 plat 4 at Portal1.vfx(10): failed to open source file: 'Packages/com.unity.visualeffectgraph/Shaders/RenderPipeline/HDRP/VFXDefines.hlsl'
  api=4 insize=5581 outsize=0 ok=0
Cmd: compileComputeKernel
  error: 2 plat 4 at Fireworks1.vfx(10): failed to open source file: 'Packages/com.unity.visualeffectgraph/Shaders/RenderPipeline/HDRP/VFXDefines.hlsl'
  api=4 insize=4948 outsize=0 ok=0
Cmd: compileComputeKernel
  error: 2 plat 4 at Starfield.vfx(10): failed to open source file: 'Packages/com.unity.visualeffectgraph/Shaders/RenderPipeline/HDRP/VFXDefines.hlsl'
  api=4 insize=6073 outsize=0 ok=0
Cmd: compileComputeKernel
  error: 2 plat 4 at Fireworks2.vfx(10): failed to open source file: 'Packages/com.unity.visualeffectgraph/Shaders/RenderPipeline/HDRP/VFXDefines.hlsl'
  api=4 insize=5985 outsize=0 ok=0
Cmd: compileComputeKernel
  error: 2 plat 4 at Fireworks2.vfx(13): failed to open source file: 'Packages/com.unity.visualeffectgraph/Shaders/RenderPipeline/HDRP/VFXDefines.hlsl'
  api=4 insize=5475 outsize=0 ok=0
Cmd: compileComputeKernel
  error: 2 plat 4 at Fireworks2.vfx(9): failed to open source file: 'Packages/com.unity.visualeffectgraph/Shaders/RenderPipeline/HDRP/VFXDefines.hlsl'
  api=4 insize=4125 outsize=0 ok=0
Cmd: compileComputeKernel
  error: 2 plat 4 at Fireworks2.vfx(14): failed to open source file: 'Packages/com.unity.visualeffectgraph/Shaders/RenderPipeline/HDRP/VFXDefines.hlsl'
  api=4 insize=5822 outsize=0 ok=0
